Change Component Footprint: Designator=W1A Old Footprint=RAD-0.2 New Footprint=RAD-0.1
Change Component Footprint: Designator=W1B Old Footprint=RAD-0.2 New Footprint=RAD-0.1
Change Component Footprint: Designator=W1C Old Footprint=RAD-0.2 New Footprint=RAD-0.1
Change Component Footprint: Designator=W2A Old Footprint=RAD-0.2 New Footprint=RAD-0.1
Change Component Footprint: Designator=W2B Old Footprint=RAD-0.2 New Footprint=RAD-0.1
Change Component Footprint: Designator=W3A Old Footprint=RAD-0.2 New Footprint=RAD-0.1
Change Component Footprint: Designator=W3B Old Footprint=RAD-0.2 New Footprint=RAD-0.1
Change Component Footprint: Designator=W3C Old Footprint=RAD-0.2 New Footprint=RAD-0.1
Change Component Footprint: Designator=W4A Old Footprint=RAD-0.2 New Footprint=RAD-0.1
Change Component Footprint: Designator=W4B Old Footprint=RAD-0.2 New Footprint=RAD-0.1
Change Component Footprint: Designator=W5A Old Footprint=RAD-0.2 New Footprint=RAD-0.1
Change Component Footprint: Designator=W12A Old Footprint=RAD-0.2 New Footprint=RAD-0.1
Change Component Footprint: Designator=W12B Old Footprint=RAD-0.2 New Footprint=RAD-0.1
Change Component Footprint: Designator=W12C Old Footprint=RAD-0.2 New Footprint=RAD-0.1
Change Component Footprint: Designator=W12D Old Footprint=RAD-0.2 New Footprint=RAD-0.1
Change Component Footprint: Designator=W14 Old Footprint=RAD-0.2 New Footprint=RAD-0.1
Change Component Footprint: Designator=W15A Old Footprint=RAD-0.2 New Footprint=RAD-0.1
Change Component Footprint: Designator=W15B Old Footprint=RAD-0.2 New Footprint=RAD-0.1
Change Component Footprint: Designator=W16 Old Footprint=RAD-0.2 New Footprint=RAD-0.1
Change Component Footprint: Designator=W17A Old Footprint=RAD-0.2 New Footprint=RAD-0.1
Change Component Footprint: Designator=W17B Old Footprint=RAD-0.2 New Footprint=RAD-0.1
Change Component Footprint: Designator=W18A Old Footprint=RAD-0.2 New Footprint=RAD-0.1
Change Component Footprint: Designator=W18B Old Footprint=RAD-0.2 New Footprint=RAD-0.1
Change Component Footprint: Designator=W19A Old Footprint=RAD-0.2 New Footprint=RAD-0.1
Change Component Footprint: Designator=W19B Old Footprint=RAD-0.2 New Footprint=RAD-0.1
Change Component Footprint: Designator=W19C Old Footprint=RAD-0.2 New Footprint=RAD-0.1
Change Component Footprint: Designator=W19D Old Footprint=RAD-0.2 New Footprint=RAD-0.1
Change Component Footprint: Designator=W20A Old Footprint=RAD-0.2 New Footprint=RAD-0.1
Change Component Footprint: Designator=W20B Old Footprint=RAD-0.2 New Footprint=RAD-0.1
Change Component Footprint: Designator=W20C Old Footprint=RAD-0.2 New Footprint=RAD-0.1
Change Component Footprint: Designator=W20D Old Footprint=RAD-0.2 New Footprint=RAD-0.1
Change Component Footprint: Designator=W22 Old Footprint=RAD-0.2 New Footprint=RAD-0.1
Change Component Footprint: Designator=W23 Old Footprint=RAD-0.2 New Footprint=RAD-0.1
Change Component Footprint: Designator=C7 Old Footprint=RB7.6-15 New Footprint=RAD-0.2
Change Component Footprint: Designator=C8 Old Footprint=RB7.6-15 New Footprint=RAD-0.2
Change Component Footprint: Designator=C9 Old Footprint=RB7.6-15 New Footprint=RAD-0.2
Change Component Footprint: Designator=C10 Old Footprint=RB7.6-15 New Footprint=RAD-0.2
Change Component Footprint: Designator=C13 Old Footprint=RB7.6-15 New Footprint=RAD-0.2
Change Component Footprint: Designator=C23 Old Footprint=RB7.6-15 New Footprint=RAD-0.2
Change Component Footprint: Designator=C27 Old Footprint=RB7.6-15 New Footprint=RAD-0.2
Change Component Footprint: Designator=C38 Old Footprint=RB7.6-15 New Footprint=RAD-0.2
Change Component Footprint: Designator=C42 Old Footprint=RB7.6-15 New Footprint=RAD-0.2
Change Component Footprint: Designator=C46 Old Footprint=RB7.6-15 New Footprint=RAD-0.2
Change Component Footprint: Designator=C68 Old Footprint=RB7.6-15 New Footprint=RAD-0.2
Change Component Footprint: Designator=C74 Old Footprint=RB7.6-15 New Footprint=RAD-0.2
Change Component Footprint: Designator=C76 Old Footprint=RB7.6-15 New Footprint=RAD-0.2
