Added Pin To Net: NetName=SlotA_CANH Pin=SlotA-3
Added Pin To Net: NetName=SlotA_CANL Pin=SlotA-4
Added Pin To Net: NetName=SlotB_CANH Pin=SlotB-3
Added Pin To Net: NetName=SlotB_CANL Pin=SlotB-4
Added Pin To Net: NetName=I2C1_SCL Pin=SlotB-7
Added Pin To Net: NetName=I2C1_SDA Pin=SlotB-8
Added Pin To Net: NetName=USART3_TX Pin=SlotC-3
Added Pin To Net: NetName=USART3_RX Pin=SlotC-4
Added Pin To Net: NetName=SlotC_UART_TX Pin=SlotC-5
Added Pin To Net: NetName=SlotC_UART_RX Pin=SlotC-6
Added Pin To Net: NetName=SlotC_DAC0 Pin=U3-20
Added Pin To Net: NetName=SlotC_DAC1 Pin=U4-20
Added Pin To Net: NetName=I2C0_SCL Pin=R1-2
Added Pin To Net: NetName=I2C0_SCL Pin=SlotA-8
Added Pin To Net: NetName=I2C0_SCL Pin=U1-22
Added Net: Name=I2C0_SCL
Added Pin To Net: NetName=I2C0_SDA Pin=R2-2
Added Pin To Net: NetName=I2C0_SDA Pin=SlotA-7
Added Pin To Net: NetName=I2C0_SDA Pin=U1-23
Added Net: Name=I2C0_SDA
